<?xml version="1.0" encoding="UTF-8"?>
<testsuite name="br.mil.mar.dabm.pdti.test.domain.service.PlanoDiretorServiceTests" time="19.405" tests="33" errors="0" skipped="0" failures="0">
  <properties>
    <property name="java.runtime.name" value="Java(TM) SE Runtime Environment"/>
    <property name="sun.boot.library.path" value="C:\Program Files\Java\jdk1.8.0_31\jre\bin"/>
    <property name="java.vm.version" value="25.31-b07"/>
    <property name="java.vm.vendor" value="Oracle Corporation"/>
    <property name="java.vendor.url" value="http://java.oracle.com/"/>
    <property name="path.separator" value=";"/>
    <property name="guice.disable.misplaced.annotation.check" value="true"/>
    <property name="java.vm.name" value="Java HotSpot(TM) 64-Bit Server VM"/>
    <property name="file.encoding.pkg" value="sun.io"/>
    <property name="user.script" value=""/>
    <property name="user.country" value="BR"/>
    <property name="sun.java.launcher" value="SUN_STANDARD"/>
    <property name="sun.os.patch.level" value=""/>
    <property name="java.vm.specification.name" value="Java Virtual Machine Specification"/>
    <property name="user.dir" value="D:\Desenvolvimento\workspaces\mar\pdti-root\4-Implementacao\4.2-Codigo_Fonte\solution"/>
    <property name="java.runtime.version" value="1.8.0_31-b13"/>
    <property name="java.awt.graphicsenv" value="sun.awt.Win32GraphicsEnvironment"/>
    <property name="java.endorsed.dirs" value="C:\Program Files\Java\jdk1.8.0_31\jre\lib\endorsed"/>
    <property name="os.arch" value="amd64"/>
    <property name="java.io.tmpdir" value="C:\Users\Henrique\AppData\Local\Temp\"/>
    <property name="line.separator" value="&#10;"/>
    <property name="java.vm.specification.vendor" value="Oracle Corporation"/>
    <property name="user.variant" value=""/>
    <property name="os.name" value="Windows 8.1"/>
    <property name="classworlds.conf" value="D:\Desenvolvimento\workspaces\mar\.metadata\.plugins\org.eclipse.m2e.launching\launches\m2conf4218763076093693158.tmp"/>
    <property name="sun.jnu.encoding" value="Cp1252"/>
    <property name="java.library.path" value="C:\Program Files\Java\jdk1.8.0_31\bin;C:\WINDOWS\Sun\Java\bin;C:\WINDOWS\system32;C:\WINDOWS;C:/Program Files/Java/jre1.8.0_31/bin/server;C:/Program Files/Java/jre1.8.0_31/bin;C:/Program Files/Java/jre1.8.0_31/lib/amd64;C:\Program Files (x86)\CollabNet;C:\Program Files (x86)\Embarcadero\Studio\15.0\bin;C:\Users\Public\Documents\Embarcadero\Studio\15.0\Bpl;C:\Program Files (x86)\Embarcadero\Studio\15.0\bin64;C:\Users\Public\Documents\Embarcadero\Studio\15.0\Bpl\Win64;C:\ProgramData\Oracle\Java\javapath;C:\Program Files (x86)\Intel\iCLS Client\;C:\Program Files\Intel\iCLS Client\;C:\WINDOWS\system32;C:\WINDOWS;C:\WINDOWS\System32\Wbem;C:\WINDOWS\System32\WindowsPowerShell\v1.0\;C:\Program Files (x86)\Windows Live\Shared;C:\Program Files\Intel\Intel(R) Management Engine Components\DAL;C:\Program Files\Intel\Intel(R) Management Engine Components\IPT;C:\Program Files (x86)\Intel\Intel(R) Management Engine Components\DAL;C:\Program Files (x86)\Intel\Intel(R) Management Engine Components\IPT;C:\Program Files (x86)\Intel\OpenCL SDK\2.0\bin\x86;C:\Program Files (x86)\Intel\OpenCL SDK\2.0\bin\x64;C:\Program Files\Condusiv Technologies\ExpressCache\;C:\Program Files\TortoiseSVN\bin;C:\Program Files (x86)\NVIDIA Corporation\PhysX\Common;C:\Program Files (x86)\nodejs\;C:\RailsInstaller\Git\cmd;C:\RailsInstaller\Ruby2.1.0\bin;C:\Users\Henrique\AppData\Local\Code\bin;C:\Users\Henrique\AppData\Roaming\npm;D:\Desenvolvimento\tools\eclipse;;."/>
    <property name="java.specification.name" value="Java Platform API Specification"/>
    <property name="java.class.version" value="52.0"/>
    <property name="sun.management.compiler" value="HotSpot 64-Bit Tiered Compilers"/>
    <property name="os.version" value="6.3"/>
    <property name="user.home" value="C:\Users\Henrique"/>
    <property name="user.timezone" value="America/Sao_Paulo"/>
    <property name="java.awt.printerjob" value="sun.awt.windows.WPrinterJob"/>
    <property name="java.specification.version" value="1.8"/>
    <property name="file.encoding" value="UTF-8"/>
    <property name="user.name" value="Henrique"/>
    <property name="java.class.path" value="/D:/Desenvolvimento/tools/eclipse/plugins/org.eclipse.m2e.maven.runtime_1.5.1.20150109-1819/jars/plexus-classworlds-2.5.1.jar"/>
    <property name="org.slf4j.simpleLogger.defaultLogLevel" value="info"/>
    <property name="java.vm.specification.version" value="1.8"/>
    <property name="sun.arch.data.model" value="64"/>
    <property name="java.home" value="C:\Program Files\Java\jdk1.8.0_31\jre"/>
    <property name="sun.java.command" value="org.codehaus.plexus.classworlds.launcher.Launcher -B install"/>
    <property name="java.specification.vendor" value="Oracle Corporation"/>
    <property name="user.language" value="pt"/>
    <property name="awt.toolkit" value="sun.awt.windows.WToolkit"/>
    <property name="java.vm.info" value="mixed mode"/>
    <property name="java.version" value="1.8.0_31"/>
    <property name="java.ext.dirs" value="C:\Program Files\Java\jdk1.8.0_31\jre\lib\ext;C:\WINDOWS\Sun\Java\lib\ext"/>
    <property name="sun.boot.class.path" value="C:\Program Files\Java\jdk1.8.0_31\jre\lib\resources.jar;C:\Program Files\Java\jdk1.8.0_31\jre\lib\rt.jar;C:\Program Files\Java\jdk1.8.0_31\jre\lib\sunrsasign.jar;C:\Program Files\Java\jdk1.8.0_31\jre\lib\jsse.jar;C:\Program Files\Java\jdk1.8.0_31\jre\lib\jce.jar;C:\Program Files\Java\jdk1.8.0_31\jre\lib\charsets.jar;C:\Program Files\Java\jdk1.8.0_31\jre\lib\jfr.jar;C:\Program Files\Java\jdk1.8.0_31\jre\classes"/>
    <property name="java.vendor" value="Oracle Corporation"/>
    <property name="maven.home" value="D:\Desenvolvimento\workspaces\mar\pdti-root\4-Implementacao\4.2-Codigo_Fonte\solution\EMBEDDED"/>
    <property name="file.separator" value="\"/>
    <property name="java.vendor.url.bug" value="http://bugreport.sun.com/bugreport/"/>
    <property name="sun.cpu.endian" value="little"/>
    <property name="sun.io.unicode.encoding" value="UnicodeLittle"/>
    <property name="sun.desktop" value="windows"/>
    <property name="sun.cpu.isalist" value="amd64"/>
  </properties>
  <testcase name="insertItemAnaliseSwotMustPass" classname="br.mil.mar.dabm.pdti.test.domain.service.PlanoDiretorServiceTests" time="0.485"/>
  <testcase name="insertItemDocumentoReferenciaMustFailWithoutMandatoryFields" classname="br.mil.mar.dabm.pdti.test.domain.service.PlanoDiretorServiceTests" time="0.46"/>
  <testcase name="removePlanoDiretorOriginalUltimaVersaoMustPass" classname="br.mil.mar.dabm.pdti.test.domain.service.PlanoDiretorServiceTests" time="0.464"/>
  <testcase name="updatePlanoDiretorMustPass" classname="br.mil.mar.dabm.pdti.test.domain.service.PlanoDiretorServiceTests" time="0.444"/>
  <testcase name="removePlanoDiretorFilhoVersaoAnteriorMustPass" classname="br.mil.mar.dabm.pdti.test.domain.service.PlanoDiretorServiceTests" time="0.448"/>
  <testcase name="insertItemAnaliseSwotMustFailWithWrongParameter" classname="br.mil.mar.dabm.pdti.test.domain.service.PlanoDiretorServiceTests" time="0.488"/>
  <testcase name="updateSecaoMustFailWithoutMandatoryFields" classname="br.mil.mar.dabm.pdti.test.domain.service.PlanoDiretorServiceTests" time="0.456"/>
  <testcase name="updateSecaoMustPass" classname="br.mil.mar.dabm.pdti.test.domain.service.PlanoDiretorServiceTests" time="1.22"/>
  <testcase name="removeSecaoMustPass" classname="br.mil.mar.dabm.pdti.test.domain.service.PlanoDiretorServiceTests" time="0.509"/>
  <testcase name="insertNovoPlanoDiretorMustFailWithoutMandatoryFields" classname="br.mil.mar.dabm.pdti.test.domain.service.PlanoDiretorServiceTests" time="0.596"/>
  <testcase name="updateItemDocumentoReferenciaMustPass" classname="br.mil.mar.dabm.pdti.test.domain.service.PlanoDiretorServiceTests" time="0.78"/>
  <testcase name="insertItemEstrategiaMustPass" classname="br.mil.mar.dabm.pdti.test.domain.service.PlanoDiretorServiceTests" time="0.52"/>
  <testcase name="insertItemDocumentoReferenciaMustPass" classname="br.mil.mar.dabm.pdti.test.domain.service.PlanoDiretorServiceTests" time="0.67"/>
  <testcase name="insertItemAnaliseSwotMustFailWithoutMandatoryFields" classname="br.mil.mar.dabm.pdti.test.domain.service.PlanoDiretorServiceTests" time="0.516"/>
  <testcase name="removePlanoDiretorFilhoUltimaVersaoMustPass" classname="br.mil.mar.dabm.pdti.test.domain.service.PlanoDiretorServiceTests" time="0.603"/>
  <testcase name="updateItemEstrategiaMustPass" classname="br.mil.mar.dabm.pdti.test.domain.service.PlanoDiretorServiceTests" time="0.664"/>
  <testcase name="updateItemPrincipioDiretrizMustPass" classname="br.mil.mar.dabm.pdti.test.domain.service.PlanoDiretorServiceTests" time="1.016"/>
  <testcase name="listPlanoDiretorByUltimaVersaoMustPass" classname="br.mil.mar.dabm.pdti.test.domain.service.PlanoDiretorServiceTests" time="0.644"/>
  <testcase name="insertItemPrincipioDiretrizMustFailWithWrongParameter" classname="br.mil.mar.dabm.pdti.test.domain.service.PlanoDiretorServiceTests" time="0.842"/>
  <testcase name="insertItemPrincipioDiretrizMustPass" classname="br.mil.mar.dabm.pdti.test.domain.service.PlanoDiretorServiceTests" time="0.488"/>
  <testcase name="insertItemEstrategiaMustFailWithWrongParameter" classname="br.mil.mar.dabm.pdti.test.domain.service.PlanoDiretorServiceTests" time="0.661"/>
  <testcase name="removePlanoDiretorOriginalComFilhosMustFail" classname="br.mil.mar.dabm.pdti.test.domain.service.PlanoDiretorServiceTests" time="0.44"/>
  <testcase name="insertItemDocumentoReferenciaMustFailWithWrongParameter" classname="br.mil.mar.dabm.pdti.test.domain.service.PlanoDiretorServiceTests" time="0.484"/>
  <testcase name="insertNovoPlanoDiretorWithOlderVersion" classname="br.mil.mar.dabm.pdti.test.domain.service.PlanoDiretorServiceTests" time="0.429"/>
  <testcase name="updateItemAnaliseSwotMustPass" classname="br.mil.mar.dabm.pdti.test.domain.service.PlanoDiretorServiceTests" time="0.664"/>
  <testcase name="listSecaoMustPass" classname="br.mil.mar.dabm.pdti.test.domain.service.PlanoDiretorServiceTests" time="0.805"/>
  <testcase name="removePlanoDiretorMustFailWithStatusPublicado" classname="br.mil.mar.dabm.pdti.test.domain.service.PlanoDiretorServiceTests" time="0.42"/>
  <testcase name="listPlanoDiretorMustPass" classname="br.mil.mar.dabm.pdti.test.domain.service.PlanoDiretorServiceTests" time="0.432"/>
  <testcase name="insertItemEstrategiaMustFailWithoutMandatoryFields" classname="br.mil.mar.dabm.pdti.test.domain.service.PlanoDiretorServiceTests" time="0.483"/>
  <testcase name="insertSecaoMustPass" classname="br.mil.mar.dabm.pdti.test.domain.service.PlanoDiretorServiceTests" time="0.424"/>
  <testcase name="insertNovoPlanoDiretorMustPass" classname="br.mil.mar.dabm.pdti.test.domain.service.PlanoDiretorServiceTests" time="0.749"/>
  <testcase name="insertSecaoMustFailWithoutMandatoryFields" classname="br.mil.mar.dabm.pdti.test.domain.service.PlanoDiretorServiceTests" time="0.4"/>
  <testcase name="insertItemPrincipioDiretrizMustFailWithoutMandatoryFields" classname="br.mil.mar.dabm.pdti.test.domain.service.PlanoDiretorServiceTests" time="0.701"/>
</testsuite>